<?xml version="1.0" encoding="UTF-8"?>
<!-- Generated by org.testng.reporters.JUnitReportReporter -->
<testsuite hostname="DESKTOP-LJ8CBTQ" failures="0" tests="1" name="com.Sample.FirstTest" time="24.961" errors="0" timestamp="2025-03-17T22:39:43 IST" skipped="0">
  <testcase classname="com.Sample.FirstTest" name="TestGoogle" time="24.961"/>
</testsuite> <!-- com.Sample.FirstTest -->
