<?xml version="1.0" encoding="UTF-8"?>
<!-- Generated by org.testng.reporters.JUnitReportReporter -->
<testsuite hostname="DESKTOP-LJ8CBTQ" failures="0" tests="1" name="com.Sample.FirstTest" time="24.226" errors="0" timestamp="2025-03-18T09:55:57 IST" skipped="0">
  <testcase classname="com.Sample.FirstTest" name="TestGoogle" time="24.226"/>
</testsuite> <!-- com.Sample.FirstTest -->
